#
# A fatal error has been detected by the Java Runtime Environment:
#
#  EXCEPTION_ACCESS_VIOLATION (0xc0000005) at pc=0x00007ffa4e433004, pid=7196, tid=20160
#
# JRE version: OpenJDK Runtime Environment (24.0+36) (build 24+36-3646)
# Java VM: OpenJDK 64-Bit Server VM (24+36-3646, mixed mode, sharing, tiered, compressed oops, compressed class ptrs, g1 gc, windows-amd64)
# Problematic frame:
# C  [libasyncProfiler.dll+0x93004]
#
# No core dump will be written. Minidumps are not enabled by default on client versions of Windows
#
# JFR recording file will be written. Location: C:\Users\jose1\IdeaProjects\Observer Pattern\hs_err_pid7196.jfr
#
# If you would like to submit a bug report, please visit:
#   https://bugreport.java.com/bugreport/crash.jsp
# The crash happened outside the Java Virtual Machine in native code.
# See problematic frame for where to report the bug.
#

---------------  S U M M A R Y ------------

Command Line: -javaagent:C:\Program Files\JetBrains\IntelliJ IDEA 2024.3.5\lib\idea_rt.jar=56601 -Dfile.encoding=UTF-8 -Dsun.stdout.encoding=UTF-8 -Dsun.stderr.encoding=UTF-8 java_implemented.Process

Host: AMD Ryzen 7 5700U with Radeon Graphics         , 16 cores, 13G,  Windows 11 , 64 bit Build 26100 (10.0.26100.4202)
Time: Thu Jul 10 19:53:55 2025 Eastern Daylight Time elapsed time: 55.959256 seconds (0d 0h 0m 55s)

---------------  T H R E A D  ---------------

Current thread (0x00000261425ea930):  JavaThread "Attach Listener" daemon [_thread_in_native, id=20160, stack(0x00000098fc900000,0x00000098fca00000) (1024K)]

Stack: [0x00000098fc900000,0x00000098fca00000],  sp=0x00000098fc9ff210,  free space=1020k
Native frames: (J=compiled Java code, j=interpreted, Vv=VM code, C=native code)
C  [libasyncProfiler.dll+0x93004]  (no source info available)
C  [libasyncProfiler.dll+0x934db]  (no source info available)
C  [libasyncProfiler.dll+0x92134]  (no source info available)
C  [libasyncProfiler.dll+0x929aa]  (no source info available)
C  [libasyncProfiler.dll+0x8d561]  (no source info available)
C  [libasyncProfiler.dll+0x7ef21]  (no source info available)
C  [libasyncProfiler.dll+0x7dc38]  (no source info available)
C  [libasyncProfiler.dll+0x7db20]  (no source info available)
C  [libasyncProfiler.dll+0x84af9]  (no source info available)
V  [jvm.dll+0x57f1b7]  (no source info available)
V  [jvm.dll+0x57ff2c]  (no source info available)
V  [jvm.dll+0x14c9b7]  (no source info available)
V  [jvm.dll+0x14df81]  (no source info available)
V  [jvm.dll+0x42f566]  (no source info available)
V  [jvm.dll+0x87d8fb]  (no source info available)
V  [jvm.dll+0x72efe5]  (no source info available)
C  [ucrtbase.dll+0x37b0]  (no source info available)
C  [KERNEL32.DLL+0x2e8d7]  (no source info available)
C  [ntdll.dll+0x3c34c]  (no source info available)


siginfo: EXCEPTION_ACCESS_VIOLATION (0xc0000005), reading address 0xffffffffffffffff


Registers:
RAX=0x0000000000000010, RBX=0x0000000000000000, RCX=0xffffffffffffffff, RDX=0x007ffa05e52ff010
RSP=0x00000098fc9ff210, RBP=0x00000261880fd0e0, RSI=0x00000098fc9ff380, RDI=0x00000261880fd0e0
R8 =0x0000000000000042, R9 =0x0000000730201ee8, R10=0x00007ffa060c9fc0, R11=0x0000000000000002
R12=0x00000098fc9ff380, R13=0x0000026188a50770, R14=0x00000261425eacf8, R15=0x00000261425eacf8
RIP=0x00007ffa4e433004, EFLAGS=0x0000000000010202

XMM[0]=0x0000000000000000 0x0000000000000000
XMM[1]=0x0000000000000000 0x0000000000000000
XMM[2]=0x0000000000000000 0x0000000000000000
XMM[3]=0x0000000000000000 0x0000000000000000
XMM[4]=0x0000000000000000 0x0000000000000000
XMM[5]=0x0000000000000000 0x0000000000000000
XMM[6]=0x0000000000000000 0x0000000000000000
XMM[7]=0x0000000000000000 0x0000000000000000
XMM[8]=0x0000000000000000 0x0000000000000000
XMM[9]=0x0000000000000000 0x0000000000000000
XMM[10]=0x0000000000000000 0x0000000000000000
XMM[11]=0x0000000000000000 0x0000000000000000
XMM[12]=0x0000000000000000 0x0000000000000000
XMM[13]=0x0000000000000000 0x0000000000000000
XMM[14]=0x0000000000000000 0x0000000000000000
XMM[15]=0x0000000000000000 0x0000000000000000
  MXCSR=0x00001fa0


Register to memory mapping:

RAX=0x0000000000000010 is an unknown value
RBX=0x0 is null
RCX=0xffffffffffffffff is an unknown value
RDX=0x007ffa05e52ff010 is an unknown value
RSP=0x00000098fc9ff210 is pointing into the stack for thread: 0x00000261425ea930
RBP=0x00000261880fd0e0 points into unknown readable memory: 0x0000000730201ee8 | e8 1e 20 30 07 00 00 00
RSI=0x00000098fc9ff380 is pointing into the stack for thread: 0x00000261425ea930
RDI=0x00000261880fd0e0 points into unknown readable memory: 0x0000000730201ee8 | e8 1e 20 30 07 00 00 00
R8 =0x0000000000000042 is an unknown value
R9 =0x0000000730201ee8 is an oop: java.lang.Thread 
{0x0000000730201ee8} - klass: 'java/lang/Thread' - flags: 

 - ---- fields (total size 14 words):
 - 'threadLocalRandomProbe' 'I' @12  0 (0x00000000)
 - private volatile 'eetop' 'J' @16  2616229670064 (0x000002612370acb0)
 - private final 'tid' 'J' @24  3 (0x0000000000000003)
 - 'threadLocalRandomSeed' 'J' @32  0 (0x0000000000000000)
 - injected 'jvmti_thread_state' 'J' @40  2617929094288 (0x0000026188bbd490)
 - 'threadLocalRandomSecondarySeed' 'I' @48  0 (0x00000000)
 - injected 'jvmti_VTMS_transition_disable_count' 'I' @52  0 (0x00000000)
 - injected 'jfr_epoch' 'S' @56  0 (0x0000)
 - volatile 'interrupted' 'Z' @58  false (0x00)
 - injected 'jvmti_is_in_VTMS_transition' 'Z' @59  false (0x00)
 - private volatile 'name' 'Ljava/lang/String;' @60  "main"{0x0000000730201f58} (0xe60403eb)
 - private volatile 'contextClassLoader' 'Ljava/lang/ClassLoader;' @64  a 'jdk/internal/loader/ClassLoaders$AppClassLoader'{0x00000007302165d0} (0xe6042cba)
 - private final 'holder' 'Ljava/lang/Thread$FieldHolder;' @68  a 'java/lang/Thread$FieldHolder'{0x0000000730201f98} (0xe60403f3)
 - 'threadLocals' 'Ljava/lang/ThreadLocal$ThreadLocalMap;' @72  a 'java/lang/ThreadLocal$ThreadLocalMap'{0x0000000730133f90} (0xe60267f2)
 - 'inheritableThreadLocals' 'Ljava/lang/ThreadLocal$ThreadLocalMap;' @76  null (0x00000000)
 - private 'scopedValueBindings' 'Ljava/lang/Object;' @80  a 'java/lang/Class'{0x00000007ffe7c280} = 'java/lang/Thread' (0xfffcf850)
 - final 'interruptLock' 'Ljava/lang/Object;' @84  a 'java/lang/Object'{0x0000000730201f88} (0xe60403f1)
 - private volatile 'parkBlocker' 'Ljava/lang/Object;' @88  null (0x00000000)
 - private 'nioBlocker' 'Lsun/nio/ch/Interruptible;' @92  null (0x00000000)
 - private 'cont' 'Ljdk/internal/vm/Continuation;' @96  null (0x00000000)
 - private volatile 'uncaughtExceptionHandler' 'Ljava/lang/Thread$UncaughtExceptionHandler;' @100  null (0x00000000)
 - private 'container' 'Ljdk/internal/vm/ThreadContainer;' @104  null (0x00000000)
 - private volatile 'headStackableScopes' 'Ljdk/internal/vm/StackableScope;' @108  null (0x00000000)
R10=0x00007ffa060c9fc0 jvm.dll
R11=0x0000000000000002 is an unknown value
R12=0x00000098fc9ff380 is pointing into the stack for thread: 0x00000261425ea930
R13=0x0000026188a50770 points into unknown readable memory: 0x00007ffa0603a510 | 10 a5 03 06 fa 7f 00 00
R14=0x00000261425eacf8 points into unknown readable memory: 0x00007ffa060317b0 | b0 17 03 06 fa 7f 00 00
R15=0x00000261425eacf8 points into unknown readable memory: 0x00007ffa060317b0 | b0 17 03 06 fa 7f 00 00

Top of Stack: (sp=0x00000098fc9ff210)
0x00000098fc9ff210:   00000098fc9ff380 00000261880fd0e0   ............a...
0x00000098fc9ff220:   0000000000000000 0000026142490cf0   ..........IBa...
0x00000098fc9ff230:   0000000000000023 00007ffa4e4334db   #........4CN....
0x00000098fc9ff240:   0000000000000000 00000261425eacf8   ..........^Ba...
0x00000098fc9ff250:   00000098fc9ff301 0000000000000000   ................
0x00000098fc9ff260:   0000026189005230 00007ffa4e432134   0R..a...4!CN....
0x00000098fc9ff270:   0000000000000000 0000000000000023   ........#.......
0x00000098fc9ff280:   0000000000000000 0000000000000023   ........#.......
0x00000098fc9ff290:   0000000e00000003 0000026189a7a420   ........ ...a...
0x00000098fc9ff2a0:   0000026189005230 00000261890052bc   0R..a....R..a...
0x00000098fc9ff2b0:   00000261890052d8 000000000000451c   .R..a....E......
0x00000098fc9ff2c0:   0000000000000000 0000000000000000   ................
0x00000098fc9ff2d0:   0000000000000000 00007ffa058958e4   .........X......
0x00000098fc9ff2e0:   00007ffa4e58ae00 0000000000001c1c   ..XN............
0x00000098fc9ff2f0:   00007ffa4e58ae00 00000000ffffffff   ..XN............
0x00000098fc9ff300:   0000000000000000 00007ffa4e4329aa   .........)CN....
0x00000098fc9ff310:   00000261425eacf8 0000000000000000   ..^Ba...........
0x00000098fc9ff320:   00000098fc9ff389 0000026188a50770   ........p...a...
0x00000098fc9ff330:   0000000000000004 0000000000000048   ........H.......
0x00000098fc9ff340:   0000000800800310 0000000000000020   ........ .......
0x00000098fc9ff350:   00000261425eacf8 00007ffa4e58ae00   ..^Ba.....XN....
0x00000098fc9ff360:   00000261237b6050 0000026188bbd490   P`{#a.......a...
0x00000098fc9ff370:   0000000800800390 00000261425eacf8   ..........^Ba...
0x00000098fc9ff380:   000002618adca610 000002618adcaa70   ....a...p...a...
0x00000098fc9ff390:   000002618adcaa70 00007ffa4e58ae00   p...a.....XN....
0x00000098fc9ff3a0:   0000026188735468 00000098fc9ff518   hTs.a...........
0x00000098fc9ff3b0:   00000098fc9ff650 0000000000008840   P.......@.......
0x00000098fc9ff3c0:   00000098fc9ff830 00007ffa4e58ae50   0.......P.XN....
0x00000098fc9ff3d0:   0000000000989680 0000000000989680   ................
0x00000098fc9ff3e0:   00000098fc9ff4f0 00007ffa4e42d561   ........a.BN....
0x00000098fc9ff3f0:   00007ffa4e58ae00 00007ffa4e58ae58   ..XN....X.XN....
0x00000098fc9ff400:   00007ffa00000000 00007ffa00000001   ................

Instructions: (pc=0x00007ffa4e433004)
  0x00007ffa4e432f04:   cc cc cc cc cc cc cc cc cc cc cc cc cc cc cc cc
  0x00007ffa4e432f14:   cc cc cc cc cc cc cc cc cc cc cc cc cc cc cc cc
  0x00007ffa4e432f24:   cc cc cc cc cc cc cc cc cc cc cc cc cc cc cc cc
  0x00007ffa4e432f34:   cc cc cc cc cc cc cc cc cc cc cc cc cc cc cc cc
  0x00007ffa4e432f44:   cc cc cc cc cc cc cc cc cc cc cc cc cc cc cc cc
  0x00007ffa4e432f54:   cc cc cc cc cc cc cc cc cc cc cc cc cc cc cc cc
  0x00007ffa4e432f64:   cc cc cc cc cc cc cc cc cc cc cc cc cc cc cc cc
  0x00007ffa4e432f74:   cc cc cc cc cc cc cc cc cc cc cc cc cc cc cc cc
  0x00007ffa4e432f84:   cc cc cc cc cc cc cc cc cc cc cc cc 40 57 48 83
  0x00007ffa4e432f94:   ec 20 48 8b f9 48 8b 0d 30 80 15 00 48 85 c9 74
  0x00007ffa4e432fa4:   20 48 8b 01 48 8d 54 24 38 41 b8 06 00 01 00 4c
  0x00007ffa4e432fb4:   8b 48 30 41 ff d1 85 c0 75 07 48 8b 4c 24 38 eb
  0x00007ffa4e432fc4:   02 33 c9 4c 8b 05 0a 81 15 00 48 89 5c 24 30 4d
  0x00007ffa4e432fd4:   85 c0 74 4a 48 8b 01 48 8b d7 4c 8b 88 28 03 00
  0x00007ffa4e432fe4:   00 41 ff d1 48 85 c0 74 35 48 63 0d b8 3d 15 00
  0x00007ffa4e432ff4:   48 8b 14 01 48 85 d2 74 15 48 63 05 bc 3d 15 00
=>0x00007ffa4e433004:   8b 04 10 48 8b 5c 24 30 48 83 c4 20 5f c3 b8 ff
  0x00007ffa4e433014:   ff ff ff 48 8b 5c 24 30 48 83 c4 20 5f c3 80 3d
  0x00007ffa4e433024:   bb 7f 15 00 00 bb ff ff ff ff 74 20 4c 8b 0d 51
  0x00007ffa4e433034:   7c 15 00 4c 8d 44 24 38 48 8b 0d 35 7c 15 00 48
  0x00007ffa4e433044:   8b d7 41 ff d1 85 c0 0f 44 5c 24 38 8b c3 48 8b
  0x00007ffa4e433054:   5c 24 30 48 83 c4 20 5f c3 cc cc cc cc cc cc cc
  0x00007ffa4e433064:   cc cc cc cc cc cc cc cc cc cc cc cc cc cc cc cc
  0x00007ffa4e433074:   cc cc cc cc cc cc cc cc cc cc cc cc cc cc cc cc
  0x00007ffa4e433084:   cc cc cc cc cc cc cc cc cc cc cc cc 48 89 54 24
  0x00007ffa4e433094:   10 53 55 56 57 41 56 41 57 48 83 ec 28 48 8b f2
  0x00007ffa4e4330a4:   4c 8b f1 48 89 4c 24 78 45 33 ff 44 89 7c 24 68
  0x00007ffa4e4330b4:   c7 44 24 60 01 00 00 00 48 8d 4c 24 68 e8 69 3c
  0x00007ffa4e4330c4:   f7 ff 8b d8 48 8d 4c 24 60 e8 5d 3c f7 ff 8b e8
  0x00007ffa4e4330d4:   49 8b ce e8 33 f3 f6 ff 48 8b f8 90 8b c3 f0 0f
  0x00007ffa4e4330e4:   b1 2f 74 04 f3 90 eb f4 4c 89 3e 4c 89 7e 08 4c
  0x00007ffa4e4330f4:   89 7e 10 49 8b 6e 08 4d 8b 76 10 49 3b ee 0f 84


Stack slot to memory mapping:

stack at sp + 0 slots: 0x00000098fc9ff380 is pointing into the stack for thread: 0x00000261425ea930
stack at sp + 1 slots: 0x00000261880fd0e0 points into unknown readable memory: 0x0000000730201ee8 | e8 1e 20 30 07 00 00 00
stack at sp + 2 slots: 0x0 is null
stack at sp + 3 slots: 0x0000026142490cf0 points into unknown readable memory: 0x6e616c2e6176616a | 6a 61 76 61 2e 6c 61 6e
stack at sp + 4 slots: 0x0000000000000023 is an unknown value
stack at sp + 5 slots: 0x00007ffa4e4334db libasyncProfiler.dll
stack at sp + 6 slots: 0x0 is null
stack at sp + 7 slots: 0x00000261425eacf8 points into unknown readable memory: 0x00007ffa060317b0 | b0 17 03 06 fa 7f 00 00

Lock stack of current Java thread (top to bottom):


---------------  P R O C E S S  ---------------

Threads class SMR info:
_java_thread_list=0x00000261884efc30, length=24, elements={
0x000002612370acb0, 0x00000261425e8a30, 0x00000261425e9170, 0x00000261425ea1f0,
0x00000261425ea930, 0x00000261425eb070, 0x00000261880050a0, 0x00000261425eb7b0,
0x0000026188010990, 0x0000026188106dd0, 0x0000026188207200, 0x0000026188207940,
0x00000261889455f0, 0x0000026188973270, 0x0000026188981620, 0x000002618892d560,
0x000002618894b0f0, 0x0000026188581650, 0x00000261881d0370, 0x0000026188265280,
0x0000026189a811a0, 0x0000026189a83940, 0x00000261884d0550, 0x0000026188264b30
}

Java Threads: ( => current thread )
  0x000002612370acb0 JavaThread "main"                              [_thread_blocked, id=21784, stack(0x00000098fbe00000,0x00000098fbf00000) (1024K)]
  0x00000261425e8a30 JavaThread "Reference Handler"          daemon [_thread_blocked, id=11064, stack(0x00000098fc600000,0x00000098fc700000) (1024K)]
  0x00000261425e9170 JavaThread "Finalizer"                  daemon [_thread_blocked, id=21908, stack(0x00000098fc700000,0x00000098fc800000) (1024K)]
  0x00000261425ea1f0 JavaThread "Signal Dispatcher"          daemon [_thread_blocked, id=468, stack(0x00000098fc800000,0x00000098fc900000) (1024K)]
=>0x00000261425ea930 JavaThread "Attach Listener"            daemon [_thread_in_native, id=20160, stack(0x00000098fc900000,0x00000098fca00000) (1024K)]
  0x00000261425eb070 JavaThread "Service Thread"             daemon [_thread_blocked, id=20836, stack(0x00000098fca00000,0x00000098fcb00000) (1024K)]
  0x00000261880050a0 JavaThread "Monitor Deflation Thread"   daemon [_thread_blocked, id=4524, stack(0x00000098fcb00000,0x00000098fcc00000) (1024K)]
  0x00000261425eb7b0 JavaThread "C2 CompilerThread0"         daemon [_thread_blocked, id=22060, stack(0x00000098fcc00000,0x00000098fcd00000) (1024K)]
  0x0000026188010990 JavaThread "C1 CompilerThread0"         daemon [_thread_blocked, id=15500, stack(0x00000098fcd00000,0x00000098fce00000) (1024K)]
  0x0000026188106dd0 JavaThread "Common-Cleaner"             daemon [_thread_blocked, id=17788, stack(0x00000098fce00000,0x00000098fcf00000) (1024K)]
  0x0000026188207200 JavaThread "Monitor Ctrl-Break"         daemon [_thread_in_native, id=16960, stack(0x00000098fd200000,0x00000098fd300000) (1024K)]
  0x0000026188207940 JavaThread "Notification Thread"        daemon [_thread_blocked, id=15916, stack(0x00000098fd300000,0x00000098fd400000) (1024K)]
  0x00000261889455f0 JavaThread "RMI TCP Accept-0"           daemon [_thread_in_native, id=24040, stack(0x00000098fd700000,0x00000098fd800000) (1024K)]
  0x0000026188973270 JavaThread "RMI TCP Connection(1)-172.25.144.1" daemon [_thread_in_native, id=16076, stack(0x00000098fd800000,0x00000098fd900000) (1024K)]
  0x0000026188981620 JavaThread "RMI Scheduler(0)"           daemon [_thread_blocked, id=20512, stack(0x00000098fd900000,0x00000098fda00000) (1024K)]
  0x000002618892d560 JavaThread "JMX server connection timeout 40" daemon [_thread_blocked, id=15600, stack(0x00000098fda00000,0x00000098fdb00000) (1024K)]
  0x000002618894b0f0 JavaThread "C2 CompilerThread1"         daemon [_thread_blocked, id=20792, stack(0x00000098fcf00000,0x00000098fd000000) (1024K)]
  0x0000026188581650 JavaThread "C1 CompilerThread1"         daemon [_thread_blocked, id=20448, stack(0x00000098fd000000,0x00000098fd100000) (1024K)]
  0x00000261881d0370 JavaThread "C1 CompilerThread2"         daemon [_thread_blocked, id=13384, stack(0x00000098fd100000,0x00000098fd200000) (1024K)]
  0x0000026188265280 JavaThread "JFR Recorder Thread"        daemon [_thread_in_native, id=6444, stack(0x00000098fd400000,0x00000098fd500000) (1024K)]
  0x0000026189a811a0 JavaThread "C2 CompilerThread2"         daemon [_thread_blocked, id=22288, stack(0x00000098fd500000,0x00000098fd600000) (1024K)]
  0x0000026189a83940 JavaThread "C2 CompilerThread3"         daemon [_thread_in_native, id=20788, stack(0x00000098fd600000,0x00000098fd700000) (1024K)]
  0x00000261884d0550 JavaThread "C2 CompilerThread4"         daemon [_thread_blocked, id=21184, stack(0x00000098fdb00000,0x00000098fdc00000) (1024K)]
  0x0000026188264b30 JavaThread "JFR Periodic Tasks"         daemon [_thread_blocked, id=17692, stack(0x00000098fdc00000,0x00000098fdd00000) (1024K)]
Total: 24

Other Threads:
  0x00000261425d6e80 VMThread "VM Thread"                           [id=7092, stack(0x00000098fc500000,0x00000098fc600000) (1024K)]
  0x00000261425cab30 WatcherThread "VM Periodic Task Thread"        [id=8016, stack(0x00000098fc400000,0x00000098fc500000) (1024K)]
  0x000002612376b450 WorkerThread "GC Thread#0"                     [id=13752, stack(0x00000098fbf00000,0x00000098fc000000) (1024K)]
  0x000002612379b030 ConcurrentGCThread "G1 Main Marker"            [id=13264, stack(0x00000098fc000000,0x00000098fc100000) (1024K)]
  0x000002612379c900 WorkerThread "G1 Conc#0"                       [id=23992, stack(0x00000098fc100000,0x00000098fc200000) (1024K)]
  0x00000261237ceb40 ConcurrentGCThread "G1 Refine#0"               [id=15612, stack(0x00000098fc200000,0x00000098fc300000) (1024K)]
  0x0000026142493120 ConcurrentGCThread "G1 Service"                [id=4912, stack(0x00000098fc300000,0x00000098fc400000) (1024K)]
Total: 7

Threads with active compile tasks:
C2 CompilerThread3  56134 2313       4       jdk.jfr.internal.MetadataWriter::write (168 bytes)
Total: 1

VM state: not at safepoint (normal execution)

VM Mutex/Monitor currently owned by a thread: None

Heap address: 0x0000000722600000, size: 3546 MB, Compressed Oops mode: Zero based, Oop shift amount: 3

CDS archive(s) mapped at: [0x0000026143000000-0x0000026143d40000-0x0000026143d40000), size 13893632, SharedBaseAddress: 0x0000026143000000, ArchiveRelocationMode: 1.
Compressed class space mapped at: 0x0000026144000000-0x0000026184000000, reserved size: 1073741824
UseCompressedClassPointers 1, UseCompactObjectHeaders 0
Narrow klass pointer bits 32, Max shift 3
Narrow klass base: 0x0000026143000000, Narrow klass shift: 0
Encoding Range: [0x0000026143000000 - 0x0000026243000000), (4294967296 bytes)
Klass Range:    [0x0000026143000000 - 0x0000026184000000), (1090519040 bytes)
Klass ID Range:  [8 - 1090519033) (1090519025)

GC Precious Log:
 CardTable entry size: 512
 Card Set container configuration: InlinePtr #cards 4 size 8 Array Of Cards #cards 16 size 48 Howl #buckets 8 coarsen threshold 3686 Howl Bitmap #cards 512 size 80 coarsen threshold 460 Card regions per heap region 1 cards per card region 4096
 CPUs: 16 total, 16 available
 Memory: 14181M
 Large Page Support: Disabled
 NUMA Support: Disabled
 Compressed Oops: Enabled (Zero based)
 Heap Region Size: 2M
 Heap Min Capacity: 8M
 Heap Initial Capacity: 222M
 Heap Max Capacity: 3546M
 Pre-touch: Disabled
 Parallel Workers: 13
 Concurrent Workers: 3
 Concurrent Refinement Workers: 13
 Periodic GC: Disabled

Heap:
 garbage-first heap   total reserved 3631104K, committed 229376K, used 31856K [0x0000000722600000, 0x0000000800000000)
  region size 2048K, 16 young (32768K), 0 survivors (0K)
 Metaspace       used 7992K, committed 8256K, reserved 1114112K
  class space    used 721K, committed 832K, reserved 1048576K

Heap Regions: E=young(eden), S=young(survivor), O=old, HS=humongous(starts), HC=humongous(continues), CS=collection set, F=free, TAMS=top-at-mark-start, PB=parsable bottom
|   0|0x0000000722600000, 0x0000000722600000, 0x0000000722800000|  0%| F|  |TAMS 0x0000000722600000| PB 0x0000000722600000| Untracked |  0
|   1|0x0000000722800000, 0x0000000722800000, 0x0000000722a00000|  0%| F|  |TAMS 0x0000000722800000| PB 0x0000000722800000| Untracked |  0
|   2|0x0000000722a00000, 0x0000000722a00000, 0x0000000722c00000|  0%| F|  |TAMS 0x0000000722a00000| PB 0x0000000722a00000| Untracked |  0
|   3|0x0000000722c00000, 0x0000000722c00000, 0x0000000722e00000|  0%| F|  |TAMS 0x0000000722c00000| PB 0x0000000722c00000| Untracked |  0
|   4|0x0000000722e00000, 0x0000000722e00000, 0x0000000723000000|  0%| F|  |TAMS 0x0000000722e00000| PB 0x0000000722e00000| Untracked |  0
|   5|0x0000000723000000, 0x0000000723000000, 0x0000000723200000|  0%| F|  |TAMS 0x0000000723000000| PB 0x0000000723000000| Untracked |  0
|   6|0x0000000723200000, 0x0000000723200000, 0x0000000723400000|  0%| F|  |TAMS 0x0000000723200000| PB 0x0000000723200000| Untracked |  0
|   7|0x0000000723400000, 0x0000000723400000, 0x0000000723600000|  0%| F|  |TAMS 0x0000000723400000| PB 0x0000000723400000| Untracked |  0
|   8|0x0000000723600000, 0x0000000723600000, 0x0000000723800000|  0%| F|  |TAMS 0x0000000723600000| PB 0x0000000723600000| Untracked |  0
|   9|0x0000000723800000, 0x0000000723800000, 0x0000000723a00000|  0%| F|  |TAMS 0x0000000723800000| PB 0x0000000723800000| Untracked |  0
|  10|0x0000000723a00000, 0x0000000723a00000, 0x0000000723c00000|  0%| F|  |TAMS 0x0000000723a00000| PB 0x0000000723a00000| Untracked |  0
|  11|0x0000000723c00000, 0x0000000723c00000, 0x0000000723e00000|  0%| F|  |TAMS 0x0000000723c00000| PB 0x0000000723c00000| Untracked |  0
|  12|0x0000000723e00000, 0x0000000723e00000, 0x0000000724000000|  0%| F|  |TAMS 0x0000000723e00000| PB 0x0000000723e00000| Untracked |  0
|  13|0x0000000724000000, 0x0000000724000000, 0x0000000724200000|  0%| F|  |TAMS 0x0000000724000000| PB 0x0000000724000000| Untracked |  0
|  14|0x0000000724200000, 0x0000000724200000, 0x0000000724400000|  0%| F|  |TAMS 0x0000000724200000| PB 0x0000000724200000| Untracked |  0
|  15|0x0000000724400000, 0x0000000724400000, 0x0000000724600000|  0%| F|  |TAMS 0x0000000724400000| PB 0x0000000724400000| Untracked |  0
|  16|0x0000000724600000, 0x0000000724600000, 0x0000000724800000|  0%| F|  |TAMS 0x0000000724600000| PB 0x0000000724600000| Untracked |  0
|  17|0x0000000724800000, 0x0000000724800000, 0x0000000724a00000|  0%| F|  |TAMS 0x0000000724800000| PB 0x0000000724800000| Untracked |  0
|  18|0x0000000724a00000, 0x0000000724a00000, 0x0000000724c00000|  0%| F|  |TAMS 0x0000000724a00000| PB 0x0000000724a00000| Untracked |  0
|  19|0x0000000724c00000, 0x0000000724c00000, 0x0000000724e00000|  0%| F|  |TAMS 0x0000000724c00000| PB 0x0000000724c00000| Untracked |  0
|  20|0x0000000724e00000, 0x0000000724e00000, 0x0000000725000000|  0%| F|  |TAMS 0x0000000724e00000| PB 0x0000000724e00000| Untracked |  0
|  21|0x0000000725000000, 0x0000000725000000, 0x0000000725200000|  0%| F|  |TAMS 0x0000000725000000| PB 0x0000000725000000| Untracked |  0
|  22|0x0000000725200000, 0x0000000725200000, 0x0000000725400000|  0%| F|  |TAMS 0x0000000725200000| PB 0x0000000725200000| Untracked |  0
|  23|0x0000000725400000, 0x0000000725400000, 0x0000000725600000|  0%| F|  |TAMS 0x0000000725400000| PB 0x0000000725400000| Untracked |  0
|  24|0x0000000725600000, 0x0000000725600000, 0x0000000725800000|  0%| F|  |TAMS 0x0000000725600000| PB 0x0000000725600000| Untracked |  0
|  25|0x0000000725800000, 0x0000000725800000, 0x0000000725a00000|  0%| F|  |TAMS 0x0000000725800000| PB 0x0000000725800000| Untracked |  0
|  26|0x0000000725a00000, 0x0000000725a00000, 0x0000000725c00000|  0%| F|  |TAMS 0x0000000725a00000| PB 0x0000000725a00000| Untracked |  0
|  27|0x0000000725c00000, 0x0000000725c00000, 0x0000000725e00000|  0%| F|  |TAMS 0x0000000725c00000| PB 0x0000000725c00000| Untracked |  0
|  28|0x0000000725e00000, 0x0000000725e00000, 0x0000000726000000|  0%| F|  |TAMS 0x0000000725e00000| PB 0x0000000725e00000| Untracked |  0
|  29|0x0000000726000000, 0x0000000726000000, 0x0000000726200000|  0%| F|  |TAMS 0x0000000726000000| PB 0x0000000726000000| Untracked |  0
|  30|0x0000000726200000, 0x0000000726200000, 0x0000000726400000|  0%| F|  |TAMS 0x0000000726200000| PB 0x0000000726200000| Untracked |  0
|  31|0x0000000726400000, 0x0000000726400000, 0x0000000726600000|  0%| F|  |TAMS 0x0000000726400000| PB 0x0000000726400000| Untracked |  0
|  32|0x0000000726600000, 0x0000000726600000, 0x0000000726800000|  0%| F|  |TAMS 0x0000000726600000| PB 0x0000000726600000| Untracked |  0
|  33|0x0000000726800000, 0x0000000726800000, 0x0000000726a00000|  0%| F|  |TAMS 0x0000000726800000| PB 0x0000000726800000| Untracked |  0
|  34|0x0000000726a00000, 0x0000000726a00000, 0x0000000726c00000|  0%| F|  |TAMS 0x0000000726a00000| PB 0x0000000726a00000| Untracked |  0
|  35|0x0000000726c00000, 0x0000000726c00000, 0x0000000726e00000|  0%| F|  |TAMS 0x0000000726c00000| PB 0x0000000726c00000| Untracked |  0
|  36|0x0000000726e00000, 0x0000000726e00000, 0x0000000727000000|  0%| F|  |TAMS 0x0000000726e00000| PB 0x0000000726e00000| Untracked |  0
|  37|0x0000000727000000, 0x0000000727000000, 0x0000000727200000|  0%| F|  |TAMS 0x0000000727000000| PB 0x0000000727000000| Untracked |  0
|  38|0x0000000727200000, 0x0000000727200000, 0x0000000727400000|  0%| F|  |TAMS 0x0000000727200000| PB 0x0000000727200000| Untracked |  0
|  39|0x0000000727400000, 0x0000000727400000, 0x0000000727600000|  0%| F|  |TAMS 0x0000000727400000| PB 0x0000000727400000| Untracked |  0
|  40|0x0000000727600000, 0x0000000727600000, 0x0000000727800000|  0%| F|  |TAMS 0x0000000727600000| PB 0x0000000727600000| Untracked |  0
|  41|0x0000000727800000, 0x0000000727800000, 0x0000000727a00000|  0%| F|  |TAMS 0x0000000727800000| PB 0x0000000727800000| Untracked |  0
|  42|0x0000000727a00000, 0x0000000727a00000, 0x0000000727c00000|  0%| F|  |TAMS 0x0000000727a00000| PB 0x0000000727a00000| Untracked |  0
|  43|0x0000000727c00000, 0x0000000727c00000, 0x0000000727e00000|  0%| F|  |TAMS 0x0000000727c00000| PB 0x0000000727c00000| Untracked |  0
|  44|0x0000000727e00000, 0x0000000727e00000, 0x0000000728000000|  0%| F|  |TAMS 0x0000000727e00000| PB 0x0000000727e00000| Untracked |  0
|  45|0x0000000728000000, 0x0000000728000000, 0x0000000728200000|  0%| F|  |TAMS 0x0000000728000000| PB 0x0000000728000000| Untracked |  0
|  46|0x0000000728200000, 0x0000000728200000, 0x0000000728400000|  0%| F|  |TAMS 0x0000000728200000| PB 0x0000000728200000| Untracked |  0
|  47|0x0000000728400000, 0x0000000728400000, 0x0000000728600000|  0%| F|  |TAMS 0x0000000728400000| PB 0x0000000728400000| Untracked |  0
|  48|0x0000000728600000, 0x0000000728600000, 0x0000000728800000|  0%| F|  |TAMS 0x0000000728600000| PB 0x0000000728600000| Untracked |  0
|  49|0x0000000728800000, 0x0000000728800000, 0x0000000728a00000|  0%| F|  |TAMS 0x0000000728800000| PB 0x0000000728800000| Untracked |  0
|  50|0x0000000728a00000, 0x0000000728a00000, 0x0000000728c00000|  0%| F|  |TAMS 0x0000000728a00000| PB 0x0000000728a00000| Untracked |  0
|  51|0x0000000728c00000, 0x0000000728c00000, 0x0000000728e00000|  0%| F|  |TAMS 0x0000000728c00000| PB 0x0000000728c00000| Untracked |  0
|  52|0x0000000728e00000, 0x0000000728e00000, 0x0000000729000000|  0%| F|  |TAMS 0x0000000728e00000| PB 0x0000000728e00000| Untracked |  0
|  53|0x0000000729000000, 0x0000000729000000, 0x0000000729200000|  0%| F|  |TAMS 0x0000000729000000| PB 0x0000000729000000| Untracked |  0
|  54|0x0000000729200000, 0x0000000729200000, 0x0000000729400000|  0%| F|  |TAMS 0x0000000729200000| PB 0x0000000729200000| Untracked |  0
|  55|0x0000000729400000, 0x0000000729400000, 0x0000000729600000|  0%| F|  |TAMS 0x0000000729400000| PB 0x0000000729400000| Untracked |  0
|  56|0x0000000729600000, 0x0000000729600000, 0x0000000729800000|  0%| F|  |TAMS 0x0000000729600000| PB 0x0000000729600000| Untracked |  0
|  57|0x0000000729800000, 0x0000000729800000, 0x0000000729a00000|  0%| F|  |TAMS 0x0000000729800000| PB 0x0000000729800000| Untracked |  0
|  58|0x0000000729a00000, 0x0000000729a00000, 0x0000000729c00000|  0%| F|  |TAMS 0x0000000729a00000| PB 0x0000000729a00000| Untracked |  0
|  59|0x0000000729c00000, 0x0000000729c00000, 0x0000000729e00000|  0%| F|  |TAMS 0x0000000729c00000| PB 0x0000000729c00000| Untracked |  0
|  60|0x0000000729e00000, 0x0000000729e00000, 0x000000072a000000|  0%| F|  |TAMS 0x0000000729e00000| PB 0x0000000729e00000| Untracked |  0
|  61|0x000000072a000000, 0x000000072a000000, 0x000000072a200000|  0%| F|  |TAMS 0x000000072a000000| PB 0x000000072a000000| Untracked |  0
|  62|0x000000072a200000, 0x000000072a200000, 0x000000072a400000|  0%| F|  |TAMS 0x000000072a200000| PB 0x000000072a200000| Untracked |  0
|  63|0x000000072a400000, 0x000000072a400000, 0x000000072a600000|  0%| F|  |TAMS 0x000000072a400000| PB 0x000000072a400000| Untracked |  0
|  64|0x000000072a600000, 0x000000072a600000, 0x000000072a800000|  0%| F|  |TAMS 0x000000072a600000| PB 0x000000072a600000| Untracked |  0
|  65|0x000000072a800000, 0x000000072a800000, 0x000000072aa00000|  0%| F|  |TAMS 0x000000072a800000| PB 0x000000072a800000| Untracked |  0
|  66|0x000000072aa00000, 0x000000072aa00000, 0x000000072ac00000|  0%| F|  |TAMS 0x000000072aa00000| PB 0x000000072aa00000| Untracked |  0
|  67|0x000000072ac00000, 0x000000072ac00000, 0x000000072ae00000|  0%| F|  |TAMS 0x000000072ac00000| PB 0x000000072ac00000| Untracked |  0
|  68|0x000000072ae00000, 0x000000072ae00000, 0x000000072b000000|  0%| F|  |TAMS 0x000000072ae00000| PB 0x000000072ae00000| Untracked |  0
|  69|0x000000072b000000, 0x000000072b000000, 0x000000072b200000|  0%| F|  |TAMS 0x000000072b000000| PB 0x000000072b000000| Untracked |  0
|  70|0x000000072b200000, 0x000000072b200000, 0x000000072b400000|  0%| F|  |TAMS 0x000000072b200000| PB 0x000000072b200000| Untracked |  0
|  71|0x000000072b400000, 0x000000072b400000, 0x000000072b600000|  0%| F|  |TAMS 0x000000072b400000| PB 0x000000072b400000| Untracked |  0
|  72|0x000000072b600000, 0x000000072b600000, 0x000000072b800000|  0%| F|  |TAMS 0x000000072b600000| PB 0x000000072b600000| Untracked |  0
|  73|0x000000072b800000, 0x000000072b800000, 0x000000072ba00000|  0%| F|  |TAMS 0x000000072b800000| PB 0x000000072b800000| Untracked |  0
|  74|0x000000072ba00000, 0x000000072ba00000, 0x000000072bc00000|  0%| F|  |TAMS 0x000000072ba00000| PB 0x000000072ba00000| Untracked |  0
|  75|0x000000072bc00000, 0x000000072bc00000, 0x000000072be00000|  0%| F|  |TAMS 0x000000072bc00000| PB 0x000000072bc00000| Untracked |  0
|  76|0x000000072be00000, 0x000000072be00000, 0x000000072c000000|  0%| F|  |TAMS 0x000000072be00000| PB 0x000000072be00000| Untracked |  0
|  77|0x000000072c000000, 0x000000072c000000, 0x000000072c200000|  0%| F|  |TAMS 0x000000072c000000| PB 0x000000072c000000| Untracked |  0
|  78|0x000000072c200000, 0x000000072c200000, 0x000000072c400000|  0%| F|  |TAMS 0x000000072c200000| PB 0x000000072c200000| Untracked |  0
|  79|0x000000072c400000, 0x000000072c400000, 0x000000072c600000|  0%| F|  |TAMS 0x000000072c400000| PB 0x000000072c400000| Untracked |  0
|  80|0x000000072c600000, 0x000000072c600000, 0x000000072c800000|  0%| F|  |TAMS 0x000000072c600000| PB 0x000000072c600000| Untracked |  0
|  81|0x000000072c800000, 0x000000072c800000, 0x000000072ca00000|  0%| F|  |TAMS 0x000000072c800000| PB 0x000000072c800000| Untracked |  0
|  82|0x000000072ca00000, 0x000000072ca00000, 0x000000072cc00000|  0%| F|  |TAMS 0x000000072ca00000| PB 0x000000072ca00000| Untracked |  0
|  83|0x000000072cc00000, 0x000000072cc00000, 0x000000072ce00000|  0%| F|  |TAMS 0x000000072cc00000| PB 0x000000072cc00000| Untracked |  0
|  84|0x000000072ce00000, 0x000000072ce00000, 0x000000072d000000|  0%| F|  |TAMS 0x000000072ce00000| PB 0x000000072ce00000| Untracked |  0
|  85|0x000000072d000000, 0x000000072d000000, 0x000000072d200000|  0%| F|  |TAMS 0x000000072d000000| PB 0x000000072d000000| Untracked |  0
|  86|0x000000072d200000, 0x000000072d200000, 0x000000072d400000|  0%| F|  |TAMS 0x000000072d200000| PB 0x000000072d200000| Untracked |  0
|  87|0x000000072d400000, 0x000000072d400000, 0x000000072d600000|  0%| F|  |TAMS 0x000000072d400000| PB 0x000000072d400000| Untracked |  0
|  88|0x000000072d600000, 0x000000072d600000, 0x000000072d800000|  0%| F|  |TAMS 0x000000072d600000| PB 0x000000072d600000| Untracked |  0
|  89|0x000000072d800000, 0x000000072d800000, 0x000000072da00000|  0%| F|  |TAMS 0x000000072d800000| PB 0x000000072d800000| Untracked |  0
|  90|0x000000072da00000, 0x000000072da00000, 0x000000072dc00000|  0%| F|  |TAMS 0x000000072da00000| PB 0x000000072da00000| Untracked |  0
|  91|0x000000072dc00000, 0x000000072dc00000, 0x000000072de00000|  0%| F|  |TAMS 0x000000072dc00000| PB 0x000000072dc00000| Untracked |  0
|  92|0x000000072de00000, 0x000000072de00000, 0x000000072e000000|  0%| F|  |TAMS 0x000000072de00000| PB 0x000000072de00000| Untracked |  0
|  93|0x000000072e000000, 0x000000072e000000, 0x000000072e200000|  0%| F|  |TAMS 0x000000072e000000| PB 0x000000072e000000| Untracked |  0
|  94|0x000000072e200000, 0x000000072e200000, 0x000000072e400000|  0%| F|  |TAMS 0x000000072e200000| PB 0x000000072e200000| Untracked |  0
|  95|0x000000072e400000, 0x000000072e5eb890, 0x000000072e600000| 96%| E|  |TAMS 0x000000072e400000| PB 0x000000072e400000| Complete |  0
|  96|0x000000072e600000, 0x000000072e800000, 0x000000072e800000|100%| E|CS|TAMS 0x000000072e600000| PB 0x000000072e600000| Complete |  0
|  97|0x000000072e800000, 0x000000072ea00000, 0x000000072ea00000|100%| E|CS|TAMS 0x000000072e800000| PB 0x000000072e800000| Complete |  0
|  98|0x000000072ea00000, 0x000000072ec00000, 0x000000072ec00000|100%| E|CS|TAMS 0x000000072ea00000| PB 0x000000072ea00000| Complete |  0
|  99|0x000000072ec00000, 0x000000072ee00000, 0x000000072ee00000|100%| E|CS|TAMS 0x000000072ec00000| PB 0x000000072ec00000| Complete |  0
| 100|0x000000072ee00000, 0x000000072f000000, 0x000000072f000000|100%| E|CS|TAMS 0x000000072ee00000| PB 0x000000072ee00000| Complete |  0
| 101|0x000000072f000000, 0x000000072f200000, 0x000000072f200000|100%| E|CS|TAMS 0x000000072f000000| PB 0x000000072f000000| Complete |  0
| 102|0x000000072f200000, 0x000000072f400000, 0x000000072f400000|100%| E|CS|TAMS 0x000000072f200000| PB 0x000000072f200000| Complete |  0
| 103|0x000000072f400000, 0x000000072f600000, 0x000000072f600000|100%| E|CS|TAMS 0x000000072f400000| PB 0x000000072f400000| Complete |  0
| 104|0x000000072f600000, 0x000000072f800000, 0x000000072f800000|100%| E|CS|TAMS 0x000000072f600000| PB 0x000000072f600000| Complete |  0
| 105|0x000000072f800000, 0x000000072fa00000, 0x000000072fa00000|100%| E|CS|TAMS 0x000000072f800000| PB 0x000000072f800000| Complete |  0
| 106|0x000000072fa00000, 0x000000072fc00000, 0x000000072fc00000|100%| E|CS|TAMS 0x000000072fa00000| PB 0x000000072fa00000| Complete |  0
| 107|0x000000072fc00000, 0x000000072fe00000, 0x000000072fe00000|100%| E|CS|TAMS 0x000000072fc00000| PB 0x000000072fc00000| Complete |  0
| 108|0x000000072fe00000, 0x0000000730000000, 0x0000000730000000|100%| E|CS|TAMS 0x000000072fe00000| PB 0x000000072fe00000| Complete |  0
| 109|0x0000000730000000, 0x0000000730200000, 0x0000000730200000|100%| E|CS|TAMS 0x0000000730000000| PB 0x0000000730000000| Complete |  0
| 110|0x0000000730200000, 0x0000000730400000, 0x0000000730400000|100%| E|CS|TAMS 0x0000000730200000| PB 0x0000000730200000| Complete |  0
|1772|0x00000007ffe00000, 0x00000007fff1c348, 0x0000000800000000| 55%| O|  |TAMS 0x00000007ffe00000| PB 0x00000007ffe00000| Untracked |  0

Card table byte_map: [0x000002613c040000,0x000002613c730000] _byte_map_base: 0x000002613872d000

Marking Bits: (CMBitMap*) 0x000002612376ba70
 Bits: [0x000002613c730000, 0x000002613fe98000)

Polling page: 0x0000026121280000

Metaspace:

Usage:
  Non-class:      7.10 MB used.
      Class:    721.83 KB used.
       Both:      7.80 MB used.

Virtual space:
  Non-class space:       64.00 MB reserved,       7.25 MB ( 11%) committed,  1 nodes.
      Class space:        1.00 GB reserved,     832.00 KB ( <1%) committed,  1 nodes.
             Both:        1.06 GB reserved,       8.06 MB ( <1%) committed. 

Chunk freelists:
   Non-Class:  8.47 MB
       Class:  15.19 MB
        Both:  23.66 MB

MaxMetaspaceSize: unlimited
CompressedClassSpaceSize: 1.00 GB
Initial GC threshold: 21.00 MB
Current GC threshold: 21.00 MB
CDS: on
 - commit_granule_bytes: 65536.
 - commit_granule_words: 8192.
 - virtual_space_node_default_size: 8388608.
 - enlarge_chunks_in_place: 1.
UseCompressedClassPointers 1, UseCompactObjectHeaders 0
Narrow klass pointer bits 32, Max shift 3
Narrow klass base: 0x0000026143000000, Narrow klass shift: 0
Encoding Range: [0x0000026143000000 - 0x0000026243000000), (4294967296 bytes)
Klass Range:    [0x0000026143000000 - 0x0000026184000000), (1090519040 bytes)
Klass ID Range:  [8 - 1090519033) (1090519025)


Internal statistics:

num_allocs_failed_limit: 0.
num_arena_births: 200.
num_arena_deaths: 0.
num_vsnodes_births: 2.
num_vsnodes_deaths: 0.
num_space_committed: 129.
num_space_uncommitted: 0.
num_chunks_returned_to_freelist: 0.
num_chunks_taken_from_freelist: 279.
num_chunk_merges: 0.
num_chunk_splits: 160.
num_chunks_enlarged: 46.
num_inconsistent_stats: 0.

CodeHeap 'non-profiled nmethods': size=119232Kb used=659Kb max_used=659Kb free=118573Kb
 bounds [0x0000026133b40000, 0x0000026133db0000, 0x000002613afb0000]
CodeHeap 'profiled nmethods': size=119104Kb used=3612Kb max_used=3612Kb free=115491Kb
 bounds [0x000002612bfb0000, 0x000002612c340000, 0x0000026133400000]
CodeHeap 'non-nmethods': size=7424Kb used=2462Kb max_used=2512Kb free=4961Kb
 bounds [0x0000026133400000, 0x0000026133680000, 0x0000026133b40000]
CodeCache: size=245760Kb, used=6733Kb, max_used=6783Kb, free=239025Kb
 total_blobs=2845, nmethods=2341, adapters=407, full_count=0
Compilation: enabled, stopped_count=0, restarted_count=0

Compilation events (20 events):
Event: 55.875 Thread 0x0000026188010990 2335   !   3       jdk.jfr.internal.Control::setValue (102 bytes)
Event: 55.875 Thread 0x00000261881d0370 2334       1       jdk.jfr.internal.PlatformEventType::isEnabled (5 bytes)
Event: 55.875 Thread 0x0000026188581650 nmethod 2333 0x0000026133be3888 code [0x0000026133be3980, 0x0000026133be3a48]
Event: 55.875 Thread 0x0000026188581650 2336       3       jdk.jfr.internal.SettingsManager$InternalSetting::getValues (35 bytes)
Event: 55.875 Thread 0x00000261881d0370 nmethod 2334 0x0000026133be3b88 code [0x0000026133be3c80, 0x0000026133be3d48]
Event: 55.875 Thread 0x00000261881d0370 2337       3       jdk.jfr.internal.Control::apply (10 bytes)
Event: 55.875 Thread 0x0000026188581650 nmethod 2336 0x000002612c333308 code [0x000002612c333460, 0x000002612c333928]
Event: 55.875 Thread 0x00000261881d0370 nmethod 2337 0x000002612c333988 code [0x000002612c333ac0, 0x000002612c333cc8]
Event: 55.875 Thread 0x0000026188581650 2338       3       jdk.jfr.internal.Control::findCombine (121 bytes)
Event: 55.876 Thread 0x0000026188581650 nmethod 2338 0x000002612c333d08 code [0x000002612c333f20, 0x000002612c334f08]
Event: 55.876 Thread 0x0000026188010990 nmethod 2335 0x000002612c334f88 code [0x000002612c335220, 0x000002612c336678]
Event: 55.881 Thread 0x00000261881d0370 2339       1       jdk.jfr.internal.periodic.EventTask::getEventType (5 bytes)
Event: 55.881 Thread 0x00000261881d0370 nmethod 2339 0x0000026133be3e88 code [0x0000026133be3f80, 0x0000026133be4048]
Event: 55.881 Thread 0x0000026188010990 2340       1       jdk.jfr.internal.periodic.PeriodicTask::getPeriod (5 bytes)
Event: 55.881 Thread 0x00000261881d0370 2341       3       java.util.Comparator$$Lambda/0x00000261440a0c58::compare (10 bytes)
Event: 55.881 Thread 0x0000026188581650 2342       3       java.util.Comparator::lambda$comparingLong$6043328a$1 (18 bytes)
Event: 55.881 Thread 0x0000026188010990 nmethod 2340 0x0000026133be4188 code [0x0000026133be4280, 0x0000026133be4348]
Event: 55.881 Thread 0x0000026188581650 nmethod 2342 0x000002612c336708 code [0x000002612c336860, 0x000002612c336c40]
Event: 55.881 Thread 0x00000261881d0370 nmethod 2341 0x000002612c336c88 code [0x000002612c336de0, 0x000002612c337258]
Event: 55.884 Thread 0x00000261425eb7b0 nmethod 2321 0x0000026133be4488 code [0x0000026133be45a0, 0x0000026133be4b80]

GC Heap History (0 events):
No events

Dll operation events (12 events):
Event: 0.015 Loaded shared library C:\Users\jose1\.jdks\openjdk-24\bin\java.dll
Event: 0.056 Loaded shared library C:\Users\jose1\.jdks\openjdk-24\bin\jsvml.dll
Event: 0.116 Loaded shared library C:\Users\jose1\.jdks\openjdk-24\bin\zip.dll
Event: 0.121 Loaded shared library C:\Users\jose1\.jdks\openjdk-24\bin\instrument.dll
Event: 0.130 Loaded shared library C:\Users\jose1\.jdks\openjdk-24\bin\net.dll
Event: 0.133 Loaded shared library C:\Users\jose1\.jdks\openjdk-24\bin\nio.dll
Event: 0.142 Loaded shared library C:\Users\jose1\.jdks\openjdk-24\bin\zip.dll
Event: 0.177 Loaded shared library C:\Users\jose1\.jdks\openjdk-24\bin\extnet.dll
Event: 0.190 Loaded shared library C:\Users\jose1\.jdks\openjdk-24\bin\jimage.dll
Event: 0.245 Loaded shared library C:\Users\jose1\.jdks\openjdk-24\bin\management.dll
Event: 0.256 Loaded shared library C:\Users\jose1\.jdks\openjdk-24\bin\management_ext.dll
Event: 55.370 Loaded shared library C:\Users\jose1\AppData\Local\Temp\idea_libasyncProfiler_dll_temp_folder\libasyncProfiler.dll

Deoptimization events (20 events):
Event: 55.690 Thread 0x00000261425ea930 Uncommon trap: trap_request=0xffffffde fr.pc=0x0000026133bc6310 relative=0x0000000000000070
Event: 55.690 Thread 0x00000261425ea930 Uncommon trap: reason=class_check action=maybe_recompile pc=0x0000026133bc6310 method=jdk.jfr.FlightRecorderPermission$InternalAccess.getType(Ljava/lang/Object;)Ljdk/jfr/internal/Type; @ 18 c2
Event: 55.690 Thread 0x00000261425ea930 DEOPT PACKING pc=0x0000026133bc6310 sp=0x00000098fc9fe770
Event: 55.690 Thread 0x00000261425ea930 DEOPT UNPACKING pc=0x0000026133514102 sp=0x00000098fc9fe708 mode 2
Event: 55.692 Thread 0x00000261425ea930 Uncommon trap: trap_request=0xffffffde fr.pc=0x0000026133bc6310 relative=0x0000000000000070
Event: 55.692 Thread 0x00000261425ea930 Uncommon trap: reason=class_check action=maybe_recompile pc=0x0000026133bc6310 method=jdk.jfr.FlightRecorderPermission$InternalAccess.getType(Ljava/lang/Object;)Ljdk/jfr/internal/Type; @ 18 c2
Event: 55.692 Thread 0x00000261425ea930 DEOPT PACKING pc=0x0000026133bc6310 sp=0x00000098fc9fe770
Event: 55.692 Thread 0x00000261425ea930 DEOPT UNPACKING pc=0x0000026133514102 sp=0x00000098fc9fe708 mode 2
Event: 55.705 Thread 0x00000261425ea930 Uncommon trap: trap_request=0xffffffcc fr.pc=0x0000026133bcf56c relative=0x00000000000003ac
Event: 55.705 Thread 0x00000261425ea930 Uncommon trap: reason=intrinsic_or_type_checked_inlining action=make_not_entrant pc=0x0000026133bcf56c method=java.util.Arrays.copyOf([Ljava/lang/Object;ILjava/lang/Class;)[Ljava/lang/Object; @ 35 c2
Event: 55.705 Thread 0x00000261425ea930 DEOPT PACKING pc=0x0000026133bcf56c sp=0x00000098fc9fe5f0
Event: 55.705 Thread 0x00000261425ea930 DEOPT UNPACKING pc=0x0000026133514102 sp=0x00000098fc9fe580 mode 2
Event: 55.845 Thread 0x00000261425ea930 Uncommon trap: trap_request=0xffffff4d fr.pc=0x0000026133bdabe4 relative=0x0000000000000064
Event: 55.845 Thread 0x00000261425ea930 Uncommon trap: reason=unstable_if action=reinterpret pc=0x0000026133bdabe4 method=java.io.ByteArrayOutputStream.ensureCapacity(I)V @ 11 c2
Event: 55.845 Thread 0x00000261425ea930 DEOPT PACKING pc=0x0000026133bdabe4 sp=0x00000098fc9fe8d0
Event: 55.845 Thread 0x00000261425ea930 DEOPT UNPACKING pc=0x0000026133514102 sp=0x00000098fc9fe850 mode 2
Event: 55.849 Thread 0x00000261425ea930 Uncommon trap: trap_request=0xffffff4d fr.pc=0x0000026133bdc4f0 relative=0x00000000000003d0
Event: 55.849 Thread 0x00000261425ea930 Uncommon trap: reason=unstable_if action=reinterpret pc=0x0000026133bdc4f0 method=java.io.ByteArrayOutputStream.ensureCapacity(I)V @ 11 c2
Event: 55.850 Thread 0x00000261425ea930 DEOPT PACKING pc=0x0000026133bdc4f0 sp=0x00000098fc9fe860
Event: 55.850 Thread 0x00000261425ea930 DEOPT UNPACKING pc=0x0000026133514102 sp=0x00000098fc9fe740 mode 2

Classes loaded (20 events):
Event: 55.822 Loading class jdk/jfr/internal/MetadataWriter
Event: 55.822 Loading class jdk/jfr/internal/MetadataWriter done
Event: 55.822 Loading class jdk/jfr/internal/MetadataDescriptor$Element
Event: 55.823 Loading class jdk/jfr/internal/MetadataDescriptor$Element done
Event: 55.824 Loading class jdk/jfr/internal/MetadataDescriptor$Attribute
Event: 55.824 Loading class jdk/jfr/internal/MetadataDescriptor$Attribute done
Event: 55.838 Loading class jdk/jfr/internal/consumer/StringParser$Encoding
Event: 55.839 Loading class jdk/jfr/internal/consumer/StringParser$Encoding done
Event: 55.864 Loading class jdk/jfr/internal/consumer/RepositoryFiles
Event: 55.865 Loading class jdk/jfr/internal/consumer/RepositoryFiles done
Event: 55.868 Loading class jdk/jfr/internal/SettingsManager$InternalSetting
Event: 55.868 Loading class jdk/jfr/internal/SettingsManager$InternalSetting done
Event: 55.872 Loading class jdk/jfr/internal/util/Rate
Event: 55.872 Loading class jdk/jfr/internal/util/Rate done
Event: 55.872 Loading class jdk/jfr/internal/util/TimespanUnit
Event: 55.872 Loading class jdk/jfr/internal/util/TimespanUnit done
Event: 55.873 Loading class jdk/jfr/internal/util/ValueParser
Event: 55.873 Loading class jdk/jfr/internal/util/ValueParser done
Event: 55.876 Loading class jdk/jfr/internal/periodic/PeriodicType
Event: 55.876 Loading class jdk/jfr/internal/periodic/PeriodicType done

Classes unloaded (0 events):
No events

Classes redefined (0 events):
No events

Internal exceptions (20 events):
Event: 0.661 Thread 0x0000026188973270 Exception <a 'java/lang/NoSuchMethodError'{0x000000072f32f260}: 'java.lang.Object java.lang.invoke.Invokers$Holder.invokeExact_MT(java.lang.Object, java.lang.Object, java.lang.Object, java.lang.Object, java.lang.Object, java.lang.Object)'> (0x000000072f32f260) 
thrown [s\open\src\hotspot\share\interpreter\linkResolver.cpp, line 805]
Event: 0.664 Thread 0x0000026188973270 Exception <a 'java/lang/NoSuchMethodError'{0x000000072f33afa0}: 'java.lang.Object java.lang.invoke.DirectMethodHandle$Holder.invokeInterface(java.lang.Object, java.lang.Object, java.lang.Object, java.lang.Object, java.lang.Object)'> (0x000000072f33afa0) 
thrown [s\open\src\hotspot\share\interpreter\linkResolver.cpp, line 805]
Event: 0.672 Thread 0x0000026188973270 Exception <a 'java/lang/NoSuchMethodError'{0x000000072f3859a8}: 'double java.lang.invoke.DirectMethodHandle$Holder.invokeInterface(java.lang.Object, java.lang.Object)'> (0x000000072f3859a8) 
thrown [s\open\src\hotspot\share\interpreter\linkResolver.cpp, line 805]
Event: 0.674 Thread 0x0000026188973270 Exception <a 'java/lang/NoSuchMethodError'{0x000000072f3962d0}: 'double java.lang.invoke.DelegatingMethodHandle$Holder.reinvoke_L(java.lang.Object, java.lang.Object)'> (0x000000072f3962d0) 
thrown [s\open\src\hotspot\share\interpreter\linkResolver.cpp, line 805]
Event: 0.982 Thread 0x0000026188973270 Exception <a 'java/lang/NoSuchMethodError'{0x000000072f3bd5c0}: 'long java.lang.invoke.DirectMethodHandle$Holder.invokeVirtual(java.lang.Object, java.lang.Object)'> (0x000000072f3bd5c0) 
thrown [s\open\src\hotspot\share\interpreter\linkResolver.cpp, line 805]
Event: 0.983 Thread 0x0000026188973270 Exception <a 'java/lang/NoSuchMethodError'{0x000000072f3c58b0}: 'java.lang.Object java.lang.invoke.DirectMethodHandle$Holder.invokeStatic(java.lang.Object, long)'> (0x000000072f3c58b0) 
thrown [s\open\src\hotspot\share\interpreter\linkResolver.cpp, line 805]
Event: 0.984 Thread 0x0000026188973270 Exception <a 'java/lang/NoSuchMethodError'{0x000000072f3d5958}: 'long java.lang.invoke.DelegatingMethodHandle$Holder.reinvoke_L(java.lang.Object, java.lang.Object)'> (0x000000072f3d5958) 
thrown [s\open\src\hotspot\share\interpreter\linkResolver.cpp, line 805]
Event: 55.429 Thread 0x00000261425ea930 Exception <a 'java/lang/NoSuchMethodError'{0x000000072ee31140}: 'java.lang.Object java.lang.invoke.DirectMethodHandle$Holder.invokeStatic(java.lang.Object, int, java.lang.Object)'> (0x000000072ee31140) 
thrown [s\open\src\hotspot\share\interpreter\linkResolver.cpp, line 805]
Event: 55.434 Thread 0x00000261425ea930 Implicit null exception at 0x0000026133b77fd9 to 0x0000026133b78c64
Event: 55.434 Thread 0x00000261425ea930 Implicit null exception at 0x0000026133ba969d to 0x0000026133ba9719
Event: 55.453 Thread 0x00000261425ea930 Exception <a 'java/lang/NoSuchMethodError'{0x000000072ee803b0}: 'void java.lang.invoke.DirectMethodHandle$Holder.invokeStaticInit(java.lang.Object)'> (0x000000072ee803b0) 
thrown [s\open\src\hotspot\share\interpreter\linkResolver.cpp, line 805]
Event: 55.471 Thread 0x00000261425ea930 Exception <a 'java/lang/NoSuchMethodError'{0x000000072eee1c08}: 'java.lang.Object java.lang.invoke.DirectMethodHandle$Holder.newInvokeSpecial(java.lang.Object, java.lang.Object, java.lang.Object, java.lang.Object, java.lang.Object)'> (0x000000072eee1c08) 
thrown [s\open\src\hotspot\share\interpreter\linkResolver.cpp, line 805]
Event: 55.559 Thread 0x00000261425ea930 Exception <a 'java/lang/NoSuchMethodError'{0x000000072ec76ed8}: 'int java.lang.invoke.DirectMethodHandle$Holder.invokeStatic(java.lang.Object, java.lang.Object, java.lang.Object, java.lang.Object)'> (0x000000072ec76ed8) 
thrown [s\open\src\hotspot\share\interpreter\linkResolver.cpp, line 805]
Event: 55.784 Thread 0x00000261425ea930 Exception <a 'java/lang/NoSuchMethodError'{0x000000072e98d5b8}: 'void java.lang.invoke.DirectMethodHandle$Holder.invokeSpecial(java.lang.Object, java.lang.Object, int)'> (0x000000072e98d5b8) 
thrown [s\open\src\hotspot\share\interpreter\linkResolver.cpp, line 805]
Event: 55.785 Thread 0x00000261425ea930 Exception <a 'java/lang/NoSuchMethodError'{0x000000072e9951d8}: 'void java.lang.invoke.Invokers$Holder.invokeExact_MT(java.lang.Object, int, java.lang.Object)'> (0x000000072e9951d8) 
thrown [s\open\src\hotspot\share\interpreter\linkResolver.cpp, line 805]
Event: 55.792 Thread 0x00000261425ea930 Exception <a 'java/lang/NoSuchMethodError'{0x000000072e9afa38}: 'void java.lang.invoke.DirectMethodHandle$Holder.invokeStatic(java.lang.Object, java.lang.Object, int)'> (0x000000072e9afa38) 
thrown [s\open\src\hotspot\share\interpreter\linkResolver.cpp, line 805]
Event: 55.795 Thread 0x00000261425ea930 Exception <a 'java/lang/NoSuchMethodError'{0x000000072e9be940}: 'java.lang.Object java.lang.invoke.DirectMethodHandle$Holder.newInvokeSpecial(java.lang.Object, java.lang.Object, int)'> (0x000000072e9be940) 
thrown [s\open\src\hotspot\share\interpreter\linkResolver.cpp, line 805]
Event: 55.807 Thread 0x00000261425ea930 Exception <a 'sun/nio/fs/WindowsException'{0x000000072e6034b8}> (0x000000072e6034b8) 
thrown [s\open\src\hotspot\share\prims\jni.cpp, line 518]
Event: 55.811 Thread 0x00000261425ea930 Exception <a 'sun/nio/fs/WindowsException'{0x000000072e6102e0}> (0x000000072e6102e0) 
thrown [s\open\src\hotspot\share\prims\jni.cpp, line 518]
Event: 55.818 Thread 0x00000261425ea930 Exception <a 'sun/nio/fs/WindowsException'{0x000000072e622108}> (0x000000072e622108) 
thrown [s\open\src\hotspot\share\prims\jni.cpp, line 518]

VM Operations (14 events):
Event: 0.096 Executing VM operation: HandshakeAllThreads (Deoptimize)
Event: 0.096 Executing VM operation: HandshakeAllThreads (Deoptimize) done
Event: 0.200 Executing VM operation: HandshakeAllThreads (Deoptimize)
Event: 0.201 Executing VM operation: HandshakeAllThreads (Deoptimize) done
Event: 0.504 Executing VM operation: HandshakeAllThreads (Deoptimize)
Event: 0.504 Executing VM operation: HandshakeAllThreads (Deoptimize) done
Event: 0.575 Executing VM operation: HandshakeAllThreads (Deoptimize)
Event: 0.576 Executing VM operation: HandshakeAllThreads (Deoptimize) done
Event: 0.629 Executing VM operation: HandshakeAllThreads (Deoptimize)
Event: 0.629 Executing VM operation: HandshakeAllThreads (Deoptimize) done
Event: 55.800 Executing VM operation: HandshakeAllThreads (Deoptimize)
Event: 55.800 Executing VM operation: HandshakeAllThreads (Deoptimize) done
Event: 55.865 Executing VM operation: JFRSafepointClear
Event: 55.866 Executing VM operation: JFRSafepointClear done

Memory protections (0 events):
No events

Nmethod flushes (0 events):
No events

Events (20 events):
Event: 0.584 Thread 0x00000261425ea930 Thread added: 0x00000261889455f0
Event: 0.603 Thread 0x00000261889455f0 Thread added: 0x0000026188973270
Event: 0.621 Thread 0x0000026188973270 Thread added: 0x0000026188981620
Event: 0.627 Thread 0x0000026188973270 Thread added: 0x000002618892d560
Event: 0.982 Thread 0x0000026188920000 Thread exited: 0x0000026188920000
Event: 0.982 Thread 0x0000026188917a30 Thread exited: 0x0000026188917a30
Event: 0.982 Thread 0x0000026188147b60 Thread exited: 0x0000026188147b60
Event: 0.982 Thread 0x0000026188920990 Thread exited: 0x0000026188920990
Event: 7.806 Thread 0x000002618811d580 Thread exited: 0x000002618811d580
Event: 11.103 Thread 0x00000261881094a0 Thread exited: 0x00000261881094a0
Event: 14.604 Thread 0x0000026188010990 Thread added: 0x0000026188bbc650
Event: 15.739 Thread 0x0000026188bbc650 Thread exited: 0x0000026188bbc650
Event: 55.396 Thread 0x0000026188010990 Thread added: 0x000002618894b0f0
Event: 55.429 Thread 0x0000026188010990 Thread added: 0x0000026188581650
Event: 55.430 Thread 0x0000026188010990 Thread added: 0x00000261881d0370
Event: 55.449 Thread 0x00000261425ea930 Thread added: 0x0000026188265280
Event: 55.582 Thread 0x0000026188010990 Thread added: 0x0000026189a811a0
Event: 55.582 Thread 0x0000026188010990 Thread added: 0x0000026189a83940
Event: 55.582 Thread 0x0000026188010990 Thread added: 0x00000261884d0550
Event: 55.797 Thread 0x00000261425ea930 Thread added: 0x0000026188264b30


Dynamic libraries:
0x00007ff6a2f30000 - 0x00007ff6a2f3e000 	C:\Users\jose1\.jdks\openjdk-24\bin\java.exe
0x00007ffa802c0000 - 0x00007ffa80525000 	C:\WINDOWS\SYSTEM32\ntdll.dll
0x00007ffa7edc0000 - 0x00007ffa7ee89000 	C:\WINDOWS\System32\KERNEL32.DLL
0x00007ffa7db30000 - 0x00007ffa7df18000 	C:\WINDOWS\System32\KERNELBASE.dll
0x00007ffa7d540000 - 0x00007ffa7d68b000 	C:\WINDOWS\System32\ucrtbase.dll
0x00007ffa6c050000 - 0x00007ffa6c06b000 	C:\Users\jose1\.jdks\openjdk-24\bin\VCRUNTIME140.dll
0x00007ffa6da90000 - 0x00007ffa6daa6000 	C:\Users\jose1\.jdks\openjdk-24\bin\jli.dll
0x00007ffa7f600000 - 0x00007ffa7f7ca000 	C:\WINDOWS\System32\USER32.dll
0x00007ffa7d740000 - 0x00007ffa7d767000 	C:\WINDOWS\System32\win32u.dll
0x00007ffa61170000 - 0x00007ffa6140a000 	C:\WINDOWS\WinSxS\amd64_microsoft.windows.common-controls_6595b64144ccf1df_6.0.26100.4202_none_3e0698d4e335f517\COMCTL32.dll
0x00007ffa7ee90000 - 0x00007ffa7eebb000 	C:\WINDOWS\System32\GDI32.dll
0x00007ffa7df20000 - 0x00007ffa7e057000 	C:\WINDOWS\System32\gdi32full.dll
0x00007ffa7e250000 - 0x00007ffa7e2f9000 	C:\WINDOWS\System32\msvcrt.dll
0x00007ffa7d690000 - 0x00007ffa7d733000 	C:\WINDOWS\System32\msvcp_win.dll
0x00007ffa7e300000 - 0x00007ffa7e330000 	C:\WINDOWS\System32\IMM32.DLL
0x00007ffa79d10000 - 0x00007ffa79d1c000 	C:\Users\jose1\.jdks\openjdk-24\bin\vcruntime140_1.dll
0x00007ffa6b160000 - 0x00007ffa6b1ee000 	C:\Users\jose1\.jdks\openjdk-24\bin\msvcp140.dll
0x00007ffa05400000 - 0x00007ffa061a2000 	C:\Users\jose1\.jdks\openjdk-24\bin\server\jvm.dll
0x00007ffa7f8e0000 - 0x00007ffa7f993000 	C:\WINDOWS\System32\ADVAPI32.dll
0x00007ffa7f530000 - 0x00007ffa7f5d6000 	C:\WINDOWS\System32\sechost.dll
0x00007ffa7fe50000 - 0x00007ffa7ff65000 	C:\WINDOWS\System32\RPCRT4.dll
0x00007ffa7fa40000 - 0x00007ffa7fab4000 	C:\WINDOWS\System32\WS2_32.dll
0x00007ffa7d0c0000 - 0x00007ffa7d11e000 	C:\WINDOWS\SYSTEM32\POWRPROF.dll
0x00007ffa762f0000 - 0x00007ffa76325000 	C:\WINDOWS\SYSTEM32\WINMM.dll
0x00007ffa77280000 - 0x00007ffa7728b000 	C:\WINDOWS\SYSTEM32\VERSION.dll
0x00007ffa7d0a0000 - 0x00007ffa7d0b4000 	C:\WINDOWS\SYSTEM32\UMPDC.dll
0x00007ffa7c130000 - 0x00007ffa7c14b000 	C:\WINDOWS\SYSTEM32\kernel.appcore.dll
0x00007ffa701d0000 - 0x00007ffa701da000 	C:\Users\jose1\.jdks\openjdk-24\bin\jimage.dll
0x00007ffa7ac80000 - 0x00007ffa7aec1000 	C:\WINDOWS\SYSTEM32\DBGHELP.DLL
0x00007ffa7fac0000 - 0x00007ffa7fe45000 	C:\WINDOWS\System32\combase.dll
0x00007ffa80190000 - 0x00007ffa80271000 	C:\WINDOWS\System32\OLEAUT32.dll
0x00007ffa4de00000 - 0x00007ffa4de39000 	C:\WINDOWS\SYSTEM32\dbgcore.DLL
0x00007ffa7d410000 - 0x00007ffa7d4a9000 	C:\WINDOWS\System32\bcryptPrimitives.dll
0x00007ffa6b130000 - 0x00007ffa6b13f000 	C:\Users\jose1\.jdks\openjdk-24\bin\instrument.dll
0x00007ffa6b140000 - 0x00007ffa6b15e000 	C:\Users\jose1\.jdks\openjdk-24\bin\java.dll
0x00007ffa7eba0000 - 0x00007ffa7ed3e000 	C:\WINDOWS\System32\ole32.dll
0x00007ffa7e3d0000 - 0x00007ffa7eb12000 	C:\WINDOWS\System32\SHELL32.dll
0x00007ffa7d9b0000 - 0x00007ffa7db24000 	C:\WINDOWS\System32\wintypes.dll
0x00007ffa7b070000 - 0x00007ffa7b8c8000 	C:\WINDOWS\SYSTEM32\windows.storage.dll
0x00007ffa7f7d0000 - 0x00007ffa7f8c1000 	C:\WINDOWS\System32\SHCORE.dll
0x00007ffa7e160000 - 0x00007ffa7e1ca000 	C:\WINDOWS\System32\shlwapi.dll
0x00007ffa7d320000 - 0x00007ffa7d34f000 	C:\WINDOWS\SYSTEM32\profapi.dll
0x00007ffa69880000 - 0x00007ffa69957000 	C:\Users\jose1\.jdks\openjdk-24\bin\jsvml.dll
0x00007ffa6b0e0000 - 0x00007ffa6b0f7000 	C:\Users\jose1\.jdks\openjdk-24\bin\zip.dll
0x00007ffa6b120000 - 0x00007ffa6b130000 	C:\Users\jose1\.jdks\openjdk-24\bin\net.dll
0x00007ffa7c740000 - 0x00007ffa7c7aa000 	C:\WINDOWS\system32\mswsock.dll
0x00007ffa6b100000 - 0x00007ffa6b116000 	C:\Users\jose1\.jdks\openjdk-24\bin\nio.dll
0x00007ffa6b0d0000 - 0x00007ffa6b0d9000 	C:\Users\jose1\.jdks\openjdk-24\bin\extnet.dll
0x00007ffa7bc70000 - 0x00007ffa7bd97000 	C:\WINDOWS\SYSTEM32\DNSAPI.dll
0x00007ffa7bbe0000 - 0x00007ffa7bc13000 	C:\WINDOWS\SYSTEM32\IPHLPAPI.DLL
0x00007ffa7f8d0000 - 0x00007ffa7f8da000 	C:\WINDOWS\System32\NSI.dll
0x00007ffa67730000 - 0x00007ffa6773b000 	C:\Windows\System32\rasadhlp.dll
0x00007ffa73890000 - 0x00007ffa73916000 	C:\WINDOWS\System32\fwpuclnt.dll
0x00007ffa6b0c0000 - 0x00007ffa6b0ca000 	C:\Users\jose1\.jdks\openjdk-24\bin\management.dll
0x00007ffa6b0b0000 - 0x00007ffa6b0bb000 	C:\Users\jose1\.jdks\openjdk-24\bin\management_ext.dll
0x00007ffa7f9a0000 - 0x00007ffa7f9a8000 	C:\WINDOWS\System32\PSAPI.DLL
0x00007ffa7ca00000 - 0x00007ffa7ca1b000 	C:\WINDOWS\SYSTEM32\CRYPTSP.dll
0x00007ffa7c150000 - 0x00007ffa7c18a000 	C:\WINDOWS\system32\rsaenh.dll
0x00007ffa7c7e0000 - 0x00007ffa7c80b000 	C:\WINDOWS\SYSTEM32\USERENV.dll
0x00007ffa7d2f0000 - 0x00007ffa7d316000 	C:\WINDOWS\SYSTEM32\bcrypt.dll
0x00007ffa7c9f0000 - 0x00007ffa7c9fc000 	C:\WINDOWS\SYSTEM32\CRYPTBASE.dll
0x00007ff9f56b0000 - 0x00007ff9f56c8000 	C:\WINDOWS\system32\napinsp.dll
0x00007ff9f56d0000 - 0x00007ff9f56e2000 	C:\WINDOWS\System32\winrnr.dll
0x00007ffa40c20000 - 0x00007ffa40c50000 	C:\WINDOWS\system32\nlansp_c.dll
0x00007ffa6bb60000 - 0x00007ffa6bb80000 	C:\WINDOWS\system32\wshbth.dll
0x00007ffa4e3a0000 - 0x00007ffa4e5ae000 	C:\Users\jose1\AppData\Local\Temp\idea_libasyncProfiler_dll_temp_folder\libasyncProfiler.dll

dbghelp: loaded successfully - version: 4.0.5 - missing functions: none
symbol engine: initialized successfully - sym options: 0x614 - pdb path: .;C:\Users\jose1\.jdks\openjdk-24\bin;C:\WINDOWS\SYSTEM32;C:\WINDOWS\WinSxS\amd64_microsoft.windows.common-controls_6595b64144ccf1df_6.0.26100.4202_none_3e0698d4e335f517;C:\Users\jose1\.jdks\openjdk-24\bin\server;C:\Users\jose1\AppData\Local\Temp\idea_libasyncProfiler_dll_temp_folder

VM Arguments:
jvm_args: -javaagent:C:\Program Files\JetBrains\IntelliJ IDEA 2024.3.5\lib\idea_rt.jar=56601 -Dfile.encoding=UTF-8 -Dsun.stdout.encoding=UTF-8 -Dsun.stderr.encoding=UTF-8 
java_command: java_implemented.Process
java_class_path (initial): C:\Users\jose1\IdeaProjects\Observer Pattern\out\production\Observer Pattern
Launcher Type: SUN_STANDARD

[Global flags]
     intx CICompilerCount                          = 12                                        {product} {ergonomic}
     uint ConcGCThreads                            = 3                                         {product} {ergonomic}
     bool FlightRecorder                           = true                                      {product} {management}
     uint G1ConcRefinementThreads                  = 13                                        {product} {ergonomic}
   size_t G1HeapRegionSize                         = 2097152                                   {product} {ergonomic}
   size_t InitialHeapSize                          = 232783872                                 {product} {ergonomic}
   size_t MarkStackSize                            = 4194304                                   {product} {ergonomic}
   size_t MarkStackSizeMax                         = 536870912                                 {product} {ergonomic}
   size_t MaxHeapSize                              = 3718250496                                {product} {ergonomic}
   size_t MaxNewSize                               = 2229272576                                {product} {ergonomic}
   size_t MinHeapDeltaBytes                        = 2097152                                   {product} {ergonomic}
   size_t MinHeapSize                              = 8388608                                   {product} {ergonomic}
    uintx NonNMethodCodeHeapSize                   = 7602176                                {pd product} {ergonomic}
    uintx NonProfiledCodeHeapSize                  = 122093568                              {pd product} {ergonomic}
    uintx ProfiledCodeHeapSize                     = 121962496                              {pd product} {ergonomic}
    uintx ReservedCodeCacheSize                    = 251658240                              {pd product} {ergonomic}
     bool SegmentedCodeCache                       = true                                      {product} {ergonomic}
   size_t SoftMaxHeapSize                          = 3718250496                             {manageable} {ergonomic}
     bool UseCompressedOops                        = true                           {product lp64_product} {ergonomic}
     bool UseG1GC                                  = true                                      {product} {ergonomic}
     bool UseLargePagesIndividualAllocation        = false                                  {pd product} {ergonomic}

Logging:
Log output configuration:
 #0: stdout all=warning uptime,level,tags foldmultilines=false
 #1: stderr all=off uptime,level,tags foldmultilines=false

Environment Variables:
PATH=C:\WINDOWS\system32;C:\WINDOWS;C:\WINDOWS\System32\Wbem;C:\WINDOWS\System32\WindowsPowerShell\v1.0\;C:\WINDOWS\System32\OpenSSH\;C:\Program Files\Git\cmd;C:\Program Files\Go\bin;C:\Program Files\Docker\Docker\resources\bin;C:\Program Files\nodejs\;C:\ProgramData\chocolatey\bin;C:\Program Files\PowerShell\7\;C:\Users\jose1\AppData\Local\Programs\oh-my-posh\bin\;C:\Users\jose1\AppData\Local\Programs\Python\Launcher\;C:\Users\jose1\AppData\Local\Microsoft\WindowsApps;C:\Users\jose1\AppData\Local\Programs\Microsoft VS Code\bin;C:\Users\jose1\AppData\Local\Python\Python313;C:\Users\jose1\AppData\Local\Python\Python313\Scripts;C:\Users\jose1\go\bin;C:\Program Files\PostgreSQL\17\bin;C:\Users\jose1\AppData\Local\Microsoft\WinGet\Packages\Schniz.fnm_Microsoft.Winget.Source_8wekyb3d8bbwe;C:\Users\jose1\AppData\Roaming\npm;C:\Program Files\JetBrains\PyCharm 2024.3.5\bin;;C:\Python313\Scripts;;C:\Program Files\JetBrains\GoLand 2025.1.1\bin;;C:\Program Files\JetBrains\WebStorm 2025.1.1\bin;
USERNAME=jose1
OS=Windows_NT
PROCESSOR_IDENTIFIER=AMD64 Family 23 Model 104 Stepping 1, AuthenticAMD
TMP=C:\Users\jose1\AppData\Local\Temp
TEMP=C:\Users\jose1\AppData\Local\Temp




Periodic native trim disabled

---------------  S Y S T E M  ---------------

OS:
 Windows 11 , 64 bit Build 26100 (10.0.26100.4202)
OS uptime: 1 days 23:20 hours
Hyper-V role detected

CPU: total 16 (initial active 16) (16 cores per cpu, 2 threads per core) family 23 model 104 stepping 1 microcode 0x8608103, cx8, cmov, fxsr, ht, mmx, 3dnowpref, sse, sse2, sse3, ssse3, sse4a, sse4.1, sse4.2, popcnt, lzcnt, tsc, tscinvbit, avx, avx2, aes, clmul, bmi1, bmi2, adx, sha, fma, vzeroupper, clflush, clflushopt, hv, rdtscp, rdpid, f16c
Processor Information for the first 16 processors :
  Max Mhz: 1801, Current Mhz: 1801, Mhz Limit: 1801

Memory: 4k page, system-wide physical 14181M (3566M free)
TotalPageFile size 43877M (AvailPageFile size 26757M)
current process WorkingSet (physical memory assigned to process): 117M, peak: 118M
current process commit charge ("private bytes"): 390M, peak: 391M

vm_info: OpenJDK 64-Bit Server VM (24+36-3646) for windows-amd64 JRE (24+36-3646), built on 2025-02-06T00:20:43Z with MS VC++ 17.6 (VS2022)

END.
